SF:lib/src/models/coords.dart
DA:2,1
LF:1
LH:1
end_of_record
SF:lib/src/models/forecast_weather.dart
DA:2,1
LF:1
LH:1
end_of_record
SF:lib/src/models/weather.dart
DA:5,1
DA:18,1
DA:22,1
DA:23,1
DA:24,2
DA:25,2
DA:26,2
DA:27,2
DA:28,2
DA:29,2
DA:30,1
DA:31,1
DA:32,1
DA:33,2
DA:34,2
DA:35,2
DA:36,2
DA:37,2
DA:38,1
DA:39,1
DA:40,1
DA:45,1
DA:46,1
DA:47,1
DA:48,2
DA:49,2
DA:50,2
DA:51,2
DA:52,2
DA:53,1
DA:54,1
DA:55,1
DA:56,1
DA:57,1
DA:60,1
LF:35
LH:35
end_of_record
SF:lib/src/weather_repository.dart
DA:6,1
DA:9,1
DA:13,1
DA:14,1
DA:17,3
DA:18,3
DA:21,3
DA:23,3
DA:24,1
DA:26,1
DA:27,2
DA:28,4
DA:30,2
DA:31,4
LF:14
LH:14
end_of_record
