SF:lib/blocs/weather/weather_state.dart
DA:3,2
DA:6,0
DA:7,0
DA:8,0
DA:9,0
DA:20,3
DA:26,0
DA:27,0
DA:28,0
DA:29,0
DA:30,0
DA:31,0
DA:33,0
DA:41,1
DA:46,1
DA:47,0
DA:48,1
DA:49,1
DA:53,1
DA:54,1
DA:55,2
DA:56,2
DA:60,1
DA:61,4
LF:24
LH:12
end_of_record
SF:lib/blocs/weather/weather_cubit.dart
DA:11,1
DA:15,0
DA:16,1
DA:21,0
DA:23,0
DA:26,1
DA:27,3
DA:30,3
DA:31,1
DA:32,1
DA:33,3
DA:37,0
DA:38,0
DA:41,0
DA:45,0
DA:46,0
DA:47,0
DA:48,0
DA:51,0
DA:52,0
DA:53,0
DA:57,0
DA:58,0
DA:61,0
DA:64,1
DA:65,1
DA:66,2
DA:68,1
DA:73,1
DA:75,1
LF:30
LH:14
end_of_record
SF:lib/services/location_service.dart
DA:4,0
DA:5,0
DA:8,0
DA:12,0
DA:14,0
DA:20,0
DA:21,0
DA:22,0
DA:23,0
DA:28,0
LF:10
LH:0
end_of_record
SF:lib/models/forecast_weather.dart
DA:4,1
DA:16,0
DA:17,0
DA:18,0
DA:19,0
DA:20,0
DA:21,0
DA:22,0
DA:23,0
DA:24,0
DA:25,0
DA:26,0
DA:30,0
DA:31,0
DA:32,0
DA:34,0
DA:36,0
DA:37,0
DA:39,0
DA:46,0
DA:47,0
DA:48,0
DA:49,0
DA:50,0
DA:51,0
DA:52,0
DA:53,0
DA:54,0
DA:57,0
DA:71,1
DA:72,1
DA:73,1
DA:74,1
DA:75,1
DA:76,1
DA:77,1
DA:78,1
DA:79,1
DA:80,1
DA:81,1
LF:40
LH:12
end_of_record
SF:lib/models/weather.dart
DA:6,1
DA:18,0
DA:19,0
DA:20,0
DA:21,0
DA:22,0
DA:23,0
DA:24,0
DA:25,0
DA:26,0
DA:27,0
DA:28,0
DA:29,0
DA:30,0
DA:31,0
DA:32,0
DA:36,1
DA:37,1
DA:38,1
DA:39,1
DA:40,1
DA:41,1
DA:42,1
DA:43,1
DA:44,1
DA:45,1
DA:46,1
DA:47,2
DA:48,1
DA:49,1
DA:50,1
DA:51,1
DA:52,1
DA:53,1
DA:54,1
DA:55,1
DA:56,1
DA:59,1
DA:60,1
DA:61,1
DA:62,2
DA:63,1
DA:64,1
DA:65,1
DA:66,1
DA:67,1
DA:68,1
DA:69,1
DA:70,1
DA:71,1
DA:74,1
DA:89,1
DA:90,1
DA:91,1
DA:92,1
DA:93,1
DA:94,1
DA:95,1
DA:96,1
DA:97,1
DA:98,5
DA:99,5
LF:62
LH:47
end_of_record
