SF:lib/src/models/coord.dart
DA:2,1
DA:9,1
DA:10,1
DA:11,2
DA:12,2
DA:15,1
DA:16,1
DA:17,1
DA:18,1
LF:9
LH:9
end_of_record
SF:lib/src/models/current_weather_response.dart
DA:4,1
DA:17,1
DA:18,1
DA:19,1
DA:20,1
DA:21,3
DA:22,2
DA:23,2
DA:27,1
DA:28,1
DA:29,1
DA:30,1
DA:31,3
DA:32,2
DA:33,2
LF:15
LH:15
end_of_record
SF:lib/src/models/daily_weather.dart
DA:4,1
DA:13,1
DA:14,1
DA:15,1
DA:16,3
DA:17,3
DA:18,3
DA:19,3
DA:20,3
DA:30,1
DA:31,1
DA:32,1
DA:33,1
DA:34,1
DA:35,1
DA:36,1
DA:38,2
DA:39,3
LF:18
LH:18
end_of_record
SF:lib/src/models/weather.dart
DA:2,1
DA:13,1
DA:14,1
DA:15,1
DA:16,1
DA:17,1
DA:18,1
DA:22,1
DA:23,1
DA:24,1
DA:25,1
DA:26,1
DA:27,1
LF:13
LH:13
end_of_record
SF:lib/src/models/main.dart
DA:2,1
DA:13,1
DA:14,1
DA:15,2
DA:16,2
DA:17,2
DA:18,2
DA:22,1
DA:23,1
DA:24,1
DA:25,1
DA:26,1
DA:27,1
LF:13
LH:13
end_of_record
SF:lib/src/models/onecall_weather.dart
DA:4,1
DA:11,1
DA:12,1
DA:13,1
DA:14,2
DA:15,2
DA:16,3
DA:24,1
DA:25,1
DA:26,1
DA:27,1
DA:28,1
DA:29,3
LF:13
LH:13
end_of_record
SF:lib/src/models/onecall_weather_response.dart
DA:5,1
DA:11,1
DA:12,1
DA:13,2
DA:14,1
DA:15,1
DA:16,2
DA:18,1
DA:19,1
DA:20,1
DA:21,2
DA:23,1
DA:31,1
DA:32,1
DA:33,2
DA:34,5
DA:35,5
LF:17
LH:17
end_of_record
SF:lib/src/weather_api_client.dart
DA:12,1
DA:13,1
DA:19,1
DA:20,1
DA:23,2
DA:26,3
DA:27,1
DA:30,1
DA:32,1
DA:35,1
DA:36,2
DA:37,2
DA:38,1
DA:43,3
DA:44,1
DA:47,1
DA:49,1
DA:52,1
DA:53,2
DA:54,2
DA:55,1
DA:56,1
DA:60,3
DA:61,2
DA:62,2
DA:63,1
DA:66,2
DA:67,1
DA:69,1
DA:72,1
DA:73,1
DA:76,1
DA:77,2
DA:78,2
DA:79,1
DA:82,2
DA:83,1
DA:85,1
LF:38
LH:38
end_of_record
